<?xml version="1.0" encoding="UTF-8"?>
<!-- Generated by org.testng.reporters.JUnitReportReporter -->
<testsuite skipped="0" hostname="Destiny-PC" name="com.DemoBlazeTest.TestCases.LoginPage_TestCase" tests="4" failures="0" timestamp="08 Dec 2020 11:31:05 GMT" time="67.230" errors="0">
  <testcase name="Login" time="2.477" classname="com.DemoBlazeTest.TestCases.LoginPage_TestCase"/>
  <testcase name="PurchaseLaptops" time="23.845" classname="com.DemoBlazeTest.TestCases.LoginPage_TestCase"/>
  <testcase name="PurchasePhone" time="19.151" classname="com.DemoBlazeTest.TestCases.LoginPage_TestCase"/>
  <testcase name="PurchaseMonitor" time="21.757" classname="com.DemoBlazeTest.TestCases.LoginPage_TestCase"/>
</testsuite> <!-- com.DemoBlazeTest.TestCases.LoginPage_TestCase -->
